╒═════════════════════════╤═════════╤════════════════════════════════════════════════╤═══════════════════════════════════════════════════════════════════════════════════════════════════════╕
│ Time                    │ Level   │ File                                           │ Message                                                                                               │
╞═════════════════════════╪═════════╪════════════════════════════════════════════════╪═══════════════════════════════════════════════════════════════════════════════════════════════════════╡
│ 2024-04-08 22:58:52,253 │ INFO    │ src.ser:33                                     │ Read[./Solutions/rehash/bins_parser.txt] file lines successfull.                                      │
├─────────────────────────┼─────────┼────────────────────────────────────────────────┼───────────────────────────────────────────────────────────────────────────────────────────────────────┤
│ 2024-04-08 22:58:52,253 │ INFO    │ src.ser:33                                     │ Read[./Solutions/rehash/hashes.txt] file lines successfull.                                           │
├─────────────────────────┼─────────┼────────────────────────────────────────────────┼───────────────────────────────────────────────────────────────────────────────────────────────────────┤
│ 2024-04-08 22:58:52,253 │ INFO    │ src.receiving_data:134                         │ Start process get rehash by bins and last digits. Num max process[None]                               │
├─────────────────────────┼─────────┼────────────────────────────────────────────────┼───────────────────────────────────────────────────────────────────────────────────────────────────────┤
│ 2024-04-08 22:58:52,254 │ INFO    │ src.anti_hash_sberbank_mastercard.anti_hash:49 │ Start processing cards hash[140495200b351b7f18a46e3796f2875ebdf0023568933ef3b99efb285af3f06a]         │
├─────────────────────────┼─────────┼────────────────────────────────────────────────┼───────────────────────────────────────────────────────────────────────────────────────────────────────┤
│ 2024-04-08 22:58:56,766 │ INFO    │ src.anti_hash_sberbank_mastercard.anti_hash:84 │ Processing cards by hash[140495200b351b7f18a46e3796f2875ebdf0023568933ef3b99efb285af3f06a] successful │
├─────────────────────────┼─────────┼────────────────────────────────────────────────┼───────────────────────────────────────────────────────────────────────────────────────────────────────┤
│ 2024-04-08 22:58:56,767 │ INFO    │ src.anti_hash_sberbank_mastercard.anti_hash:49 │ Start processing cards hash[140495200b351b7f18a46e3796f2875ebdf0023568933ef3b99efb285af3f06b]         │
├─────────────────────────┼─────────┼────────────────────────────────────────────────┼───────────────────────────────────────────────────────────────────────────────────────────────────────┤
│ 2024-04-08 22:59:01,401 │ INFO    │ src.anti_hash_sberbank_mastercard.anti_hash:84 │ Processing cards by hash[140495200b351b7f18a46e3796f2875ebdf0023568933ef3b99efb285af3f06b] successful │
├─────────────────────────┼─────────┼────────────────────────────────────────────────┼───────────────────────────────────────────────────────────────────────────────────────────────────────┤
│ 2024-04-08 22:59:01,402 │ INFO    │ src.receiving_data:166                         │ Process get rehash by bins and last digits. Num max process[None], successfull                        │
├─────────────────────────┼─────────┼────────────────────────────────────────────────┼───────────────────────────────────────────────────────────────────────────────────────────────────────┤
│ 2024-04-08 22:59:01,402 │ INFO    │ src.ser:81                                     │ Write[./Solutions/rehash/output_default_bins.json] file json successfull                              │
╘═════════════════════════╧═════════╧════════════════════════════════════════════════╧═══════════════════════════════════════════════════════════════════════════════════════════════════════╛