╒═════════════════════════╤═════════╤════════════════════════════════════════════════╤═══════════════════════════════════════════════════════════════════════════════════════════════════════╕
│ Time                    │ Level   │ File                                           │ Message                                                                                               │
╞═════════════════════════╪═════════╪════════════════════════════════════════════════╪═══════════════════════════════════════════════════════════════════════════════════════════════════════╡
│ 2024-04-08 22:59:37,077 │ INFO    │ src.ser:33                                     │ Read[./Solutions/draw/bins.txt] file lines successfull.                                               │
├─────────────────────────┼─────────┼────────────────────────────────────────────────┼───────────────────────────────────────────────────────────────────────────────────────────────────────┤
│ 2024-04-08 22:59:37,077 │ INFO    │ src.ser:33                                     │ Read[./Solutions/draw/hashes.txt] file lines successfull.                                             │
├─────────────────────────┼─────────┼────────────────────────────────────────────────┼───────────────────────────────────────────────────────────────────────────────────────────────────────┤
│ 2024-04-08 22:59:37,077 │ INFO    │ src.draw:25                                    │ Start process get times                                                                               │
├─────────────────────────┼─────────┼────────────────────────────────────────────────┼───────────────────────────────────────────────────────────────────────────────────────────────────────┤
│ 2024-04-08 22:59:37,078 │ INFO    │ src.receiving_data:134                         │ Start process get rehash by bins and last digits. Num max process[1]                                  │
├─────────────────────────┼─────────┼────────────────────────────────────────────────┼───────────────────────────────────────────────────────────────────────────────────────────────────────┤
│ 2024-04-08 22:59:37,078 │ INFO    │ src.anti_hash_sberbank_mastercard.anti_hash:49 │ Start processing cards hash[140495200b351b7f18a46e3796f2875ebdf0023568933ef3b99efb285af3f06a]         │
├─────────────────────────┼─────────┼────────────────────────────────────────────────┼───────────────────────────────────────────────────────────────────────────────────────────────────────┤
│ 2024-04-08 22:59:39,368 │ INFO    │ src.anti_hash_sberbank_mastercard.anti_hash:84 │ Processing cards by hash[140495200b351b7f18a46e3796f2875ebdf0023568933ef3b99efb285af3f06a] successful │
├─────────────────────────┼─────────┼────────────────────────────────────────────────┼───────────────────────────────────────────────────────────────────────────────────────────────────────┤
│ 2024-04-08 22:59:39,369 │ INFO    │ src.anti_hash_sberbank_mastercard.anti_hash:49 │ Start processing cards hash[140495200b351b7f18a46e3796f2875ebdf0023568933ef3b99efb285af3f06b]         │
├─────────────────────────┼─────────┼────────────────────────────────────────────────┼───────────────────────────────────────────────────────────────────────────────────────────────────────┤
│ 2024-04-08 22:59:41,656 │ INFO    │ src.anti_hash_sberbank_mastercard.anti_hash:84 │ Processing cards by hash[140495200b351b7f18a46e3796f2875ebdf0023568933ef3b99efb285af3f06b] successful │
├─────────────────────────┼─────────┼────────────────────────────────────────────────┼───────────────────────────────────────────────────────────────────────────────────────────────────────┤
│ 2024-04-08 22:59:41,656 │ INFO    │ src.receiving_data:166                         │ Process get rehash by bins and last digits. Num max process[1], successfull                           │
├─────────────────────────┼─────────┼────────────────────────────────────────────────┼───────────────────────────────────────────────────────────────────────────────────────────────────────┤
│ 2024-04-08 22:59:41,656 │ INFO    │ src.receiving_data:134                         │ Start process get rehash by bins and last digits. Num max process[2]                                  │
├─────────────────────────┼─────────┼────────────────────────────────────────────────┼───────────────────────────────────────────────────────────────────────────────────────────────────────┤
│ 2024-04-08 22:59:41,656 │ INFO    │ src.anti_hash_sberbank_mastercard.anti_hash:49 │ Start processing cards hash[140495200b351b7f18a46e3796f2875ebdf0023568933ef3b99efb285af3f06a]         │
├─────────────────────────┼─────────┼────────────────────────────────────────────────┼───────────────────────────────────────────────────────────────────────────────────────────────────────┤
│ 2024-04-08 22:59:43,161 │ INFO    │ src.anti_hash_sberbank_mastercard.anti_hash:84 │ Processing cards by hash[140495200b351b7f18a46e3796f2875ebdf0023568933ef3b99efb285af3f06a] successful │
├─────────────────────────┼─────────┼────────────────────────────────────────────────┼───────────────────────────────────────────────────────────────────────────────────────────────────────┤
│ 2024-04-08 22:59:43,161 │ INFO    │ src.anti_hash_sberbank_mastercard.anti_hash:49 │ Start processing cards hash[140495200b351b7f18a46e3796f2875ebdf0023568933ef3b99efb285af3f06b]         │
├─────────────────────────┼─────────┼────────────────────────────────────────────────┼───────────────────────────────────────────────────────────────────────────────────────────────────────┤
│ 2024-04-08 22:59:44,613 │ INFO    │ src.anti_hash_sberbank_mastercard.anti_hash:84 │ Processing cards by hash[140495200b351b7f18a46e3796f2875ebdf0023568933ef3b99efb285af3f06b] successful │
├─────────────────────────┼─────────┼────────────────────────────────────────────────┼───────────────────────────────────────────────────────────────────────────────────────────────────────┤
│ 2024-04-08 22:59:44,614 │ INFO    │ src.receiving_data:166                         │ Process get rehash by bins and last digits. Num max process[2], successfull                           │
├─────────────────────────┼─────────┼────────────────────────────────────────────────┼───────────────────────────────────────────────────────────────────────────────────────────────────────┤
│ 2024-04-08 22:59:44,614 │ INFO    │ src.receiving_data:134                         │ Start process get rehash by bins and last digits. Num max process[3]                                  │
├─────────────────────────┼─────────┼────────────────────────────────────────────────┼───────────────────────────────────────────────────────────────────────────────────────────────────────┤
│ 2024-04-08 22:59:44,615 │ INFO    │ src.anti_hash_sberbank_mastercard.anti_hash:49 │ Start processing cards hash[140495200b351b7f18a46e3796f2875ebdf0023568933ef3b99efb285af3f06a]         │
├─────────────────────────┼─────────┼────────────────────────────────────────────────┼───────────────────────────────────────────────────────────────────────────────────────────────────────┤
│ 2024-04-08 22:59:45,658 │ INFO    │ src.anti_hash_sberbank_mastercard.anti_hash:84 │ Processing cards by hash[140495200b351b7f18a46e3796f2875ebdf0023568933ef3b99efb285af3f06a] successful │
├─────────────────────────┼─────────┼────────────────────────────────────────────────┼───────────────────────────────────────────────────────────────────────────────────────────────────────┤
│ 2024-04-08 22:59:45,659 │ INFO    │ src.anti_hash_sberbank_mastercard.anti_hash:49 │ Start processing cards hash[140495200b351b7f18a46e3796f2875ebdf0023568933ef3b99efb285af3f06b]         │
├─────────────────────────┼─────────┼────────────────────────────────────────────────┼───────────────────────────────────────────────────────────────────────────────────────────────────────┤
│ 2024-04-08 22:59:46,708 │ INFO    │ src.anti_hash_sberbank_mastercard.anti_hash:84 │ Processing cards by hash[140495200b351b7f18a46e3796f2875ebdf0023568933ef3b99efb285af3f06b] successful │
├─────────────────────────┼─────────┼────────────────────────────────────────────────┼───────────────────────────────────────────────────────────────────────────────────────────────────────┤
│ 2024-04-08 22:59:46,708 │ INFO    │ src.receiving_data:166                         │ Process get rehash by bins and last digits. Num max process[3], successfull                           │
├─────────────────────────┼─────────┼────────────────────────────────────────────────┼───────────────────────────────────────────────────────────────────────────────────────────────────────┤
│ 2024-04-08 22:59:46,708 │ INFO    │ src.receiving_data:134                         │ Start process get rehash by bins and last digits. Num max process[4]                                  │
├─────────────────────────┼─────────┼────────────────────────────────────────────────┼───────────────────────────────────────────────────────────────────────────────────────────────────────┤
│ 2024-04-08 22:59:46,709 │ INFO    │ src.anti_hash_sberbank_mastercard.anti_hash:49 │ Start processing cards hash[140495200b351b7f18a46e3796f2875ebdf0023568933ef3b99efb285af3f06a]         │
├─────────────────────────┼─────────┼────────────────────────────────────────────────┼───────────────────────────────────────────────────────────────────────────────────────────────────────┤
│ 2024-04-08 22:59:47,795 │ INFO    │ src.anti_hash_sberbank_mastercard.anti_hash:84 │ Processing cards by hash[140495200b351b7f18a46e3796f2875ebdf0023568933ef3b99efb285af3f06a] successful │
├─────────────────────────┼─────────┼────────────────────────────────────────────────┼───────────────────────────────────────────────────────────────────────────────────────────────────────┤
│ 2024-04-08 22:59:47,795 │ INFO    │ src.anti_hash_sberbank_mastercard.anti_hash:49 │ Start processing cards hash[140495200b351b7f18a46e3796f2875ebdf0023568933ef3b99efb285af3f06b]         │
├─────────────────────────┼─────────┼────────────────────────────────────────────────┼───────────────────────────────────────────────────────────────────────────────────────────────────────┤
│ 2024-04-08 22:59:48,856 │ INFO    │ src.anti_hash_sberbank_mastercard.anti_hash:84 │ Processing cards by hash[140495200b351b7f18a46e3796f2875ebdf0023568933ef3b99efb285af3f06b] successful │
├─────────────────────────┼─────────┼────────────────────────────────────────────────┼───────────────────────────────────────────────────────────────────────────────────────────────────────┤
│ 2024-04-08 22:59:48,856 │ INFO    │ src.receiving_data:166                         │ Process get rehash by bins and last digits. Num max process[4], successfull                           │
├─────────────────────────┼─────────┼────────────────────────────────────────────────┼───────────────────────────────────────────────────────────────────────────────────────────────────────┤
│ 2024-04-08 22:59:48,857 │ INFO    │ src.receiving_data:134                         │ Start process get rehash by bins and last digits. Num max process[5]                                  │
├─────────────────────────┼─────────┼────────────────────────────────────────────────┼───────────────────────────────────────────────────────────────────────────────────────────────────────┤
│ 2024-04-08 22:59:48,857 │ INFO    │ src.anti_hash_sberbank_mastercard.anti_hash:49 │ Start processing cards hash[140495200b351b7f18a46e3796f2875ebdf0023568933ef3b99efb285af3f06a]         │
├─────────────────────────┼─────────┼────────────────────────────────────────────────┼───────────────────────────────────────────────────────────────────────────────────────────────────────┤
│ 2024-04-08 22:59:49,431 │ INFO    │ src.anti_hash_sberbank_mastercard.anti_hash:84 │ Processing cards by hash[140495200b351b7f18a46e3796f2875ebdf0023568933ef3b99efb285af3f06a] successful │
├─────────────────────────┼─────────┼────────────────────────────────────────────────┼───────────────────────────────────────────────────────────────────────────────────────────────────────┤
│ 2024-04-08 22:59:49,431 │ INFO    │ src.anti_hash_sberbank_mastercard.anti_hash:49 │ Start processing cards hash[140495200b351b7f18a46e3796f2875ebdf0023568933ef3b99efb285af3f06b]         │
├─────────────────────────┼─────────┼────────────────────────────────────────────────┼───────────────────────────────────────────────────────────────────────────────────────────────────────┤
│ 2024-04-08 22:59:50,049 │ INFO    │ src.anti_hash_sberbank_mastercard.anti_hash:84 │ Processing cards by hash[140495200b351b7f18a46e3796f2875ebdf0023568933ef3b99efb285af3f06b] successful │
├─────────────────────────┼─────────┼────────────────────────────────────────────────┼───────────────────────────────────────────────────────────────────────────────────────────────────────┤
│ 2024-04-08 22:59:50,050 │ INFO    │ src.receiving_data:166                         │ Process get rehash by bins and last digits. Num max process[5], successfull                           │
├─────────────────────────┼─────────┼────────────────────────────────────────────────┼───────────────────────────────────────────────────────────────────────────────────────────────────────┤
│ 2024-04-08 22:59:50,050 │ INFO    │ src.receiving_data:134                         │ Start process get rehash by bins and last digits. Num max process[6]                                  │
├─────────────────────────┼─────────┼────────────────────────────────────────────────┼───────────────────────────────────────────────────────────────────────────────────────────────────────┤
│ 2024-04-08 22:59:50,050 │ INFO    │ src.anti_hash_sberbank_mastercard.anti_hash:49 │ Start processing cards hash[140495200b351b7f18a46e3796f2875ebdf0023568933ef3b99efb285af3f06a]         │
├─────────────────────────┼─────────┼────────────────────────────────────────────────┼───────────────────────────────────────────────────────────────────────────────────────────────────────┤
│ 2024-04-08 22:59:50,654 │ INFO    │ src.anti_hash_sberbank_mastercard.anti_hash:84 │ Processing cards by hash[140495200b351b7f18a46e3796f2875ebdf0023568933ef3b99efb285af3f06a] successful │
├─────────────────────────┼─────────┼────────────────────────────────────────────────┼───────────────────────────────────────────────────────────────────────────────────────────────────────┤
│ 2024-04-08 22:59:50,655 │ INFO    │ src.anti_hash_sberbank_mastercard.anti_hash:49 │ Start processing cards hash[140495200b351b7f18a46e3796f2875ebdf0023568933ef3b99efb285af3f06b]         │
├─────────────────────────┼─────────┼────────────────────────────────────────────────┼───────────────────────────────────────────────────────────────────────────────────────────────────────┤
│ 2024-04-08 22:59:51,287 │ INFO    │ src.anti_hash_sberbank_mastercard.anti_hash:84 │ Processing cards by hash[140495200b351b7f18a46e3796f2875ebdf0023568933ef3b99efb285af3f06b] successful │
├─────────────────────────┼─────────┼────────────────────────────────────────────────┼───────────────────────────────────────────────────────────────────────────────────────────────────────┤
│ 2024-04-08 22:59:51,288 │ INFO    │ src.receiving_data:166                         │ Process get rehash by bins and last digits. Num max process[6], successfull                           │
├─────────────────────────┼─────────┼────────────────────────────────────────────────┼───────────────────────────────────────────────────────────────────────────────────────────────────────┤
│ 2024-04-08 22:59:51,288 │ INFO    │ src.receiving_data:134                         │ Start process get rehash by bins and last digits. Num max process[7]                                  │
├─────────────────────────┼─────────┼────────────────────────────────────────────────┼───────────────────────────────────────────────────────────────────────────────────────────────────────┤
│ 2024-04-08 22:59:51,288 │ INFO    │ src.anti_hash_sberbank_mastercard.anti_hash:49 │ Start processing cards hash[140495200b351b7f18a46e3796f2875ebdf0023568933ef3b99efb285af3f06a]         │
├─────────────────────────┼─────────┼────────────────────────────────────────────────┼───────────────────────────────────────────────────────────────────────────────────────────────────────┤
│ 2024-04-08 22:59:51,909 │ INFO    │ src.anti_hash_sberbank_mastercard.anti_hash:84 │ Processing cards by hash[140495200b351b7f18a46e3796f2875ebdf0023568933ef3b99efb285af3f06a] successful │
├─────────────────────────┼─────────┼────────────────────────────────────────────────┼───────────────────────────────────────────────────────────────────────────────────────────────────────┤
│ 2024-04-08 22:59:51,910 │ INFO    │ src.anti_hash_sberbank_mastercard.anti_hash:49 │ Start processing cards hash[140495200b351b7f18a46e3796f2875ebdf0023568933ef3b99efb285af3f06b]         │
├─────────────────────────┼─────────┼────────────────────────────────────────────────┼───────────────────────────────────────────────────────────────────────────────────────────────────────┤
│ 2024-04-08 22:59:52,517 │ INFO    │ src.anti_hash_sberbank_mastercard.anti_hash:84 │ Processing cards by hash[140495200b351b7f18a46e3796f2875ebdf0023568933ef3b99efb285af3f06b] successful │
├─────────────────────────┼─────────┼────────────────────────────────────────────────┼───────────────────────────────────────────────────────────────────────────────────────────────────────┤
│ 2024-04-08 22:59:52,518 │ INFO    │ src.receiving_data:166                         │ Process get rehash by bins and last digits. Num max process[7], successfull                           │
├─────────────────────────┼─────────┼────────────────────────────────────────────────┼───────────────────────────────────────────────────────────────────────────────────────────────────────┤
│ 2024-04-08 22:59:52,518 │ INFO    │ src.receiving_data:134                         │ Start process get rehash by bins and last digits. Num max process[8]                                  │
├─────────────────────────┼─────────┼────────────────────────────────────────────────┼───────────────────────────────────────────────────────────────────────────────────────────────────────┤
│ 2024-04-08 22:59:52,518 │ INFO    │ src.anti_hash_sberbank_mastercard.anti_hash:49 │ Start processing cards hash[140495200b351b7f18a46e3796f2875ebdf0023568933ef3b99efb285af3f06a]         │
├─────────────────────────┼─────────┼────────────────────────────────────────────────┼───────────────────────────────────────────────────────────────────────────────────────────────────────┤
│ 2024-04-08 22:59:53,133 │ INFO    │ src.anti_hash_sberbank_mastercard.anti_hash:84 │ Processing cards by hash[140495200b351b7f18a46e3796f2875ebdf0023568933ef3b99efb285af3f06a] successful │
├─────────────────────────┼─────────┼────────────────────────────────────────────────┼───────────────────────────────────────────────────────────────────────────────────────────────────────┤
│ 2024-04-08 22:59:53,134 │ INFO    │ src.anti_hash_sberbank_mastercard.anti_hash:49 │ Start processing cards hash[140495200b351b7f18a46e3796f2875ebdf0023568933ef3b99efb285af3f06b]         │
├─────────────────────────┼─────────┼────────────────────────────────────────────────┼───────────────────────────────────────────────────────────────────────────────────────────────────────┤
│ 2024-04-08 22:59:53,777 │ INFO    │ src.anti_hash_sberbank_mastercard.anti_hash:84 │ Processing cards by hash[140495200b351b7f18a46e3796f2875ebdf0023568933ef3b99efb285af3f06b] successful │
├─────────────────────────┼─────────┼────────────────────────────────────────────────┼───────────────────────────────────────────────────────────────────────────────────────────────────────┤
│ 2024-04-08 22:59:53,778 │ INFO    │ src.receiving_data:166                         │ Process get rehash by bins and last digits. Num max process[8], successfull                           │
├─────────────────────────┼─────────┼────────────────────────────────────────────────┼───────────────────────────────────────────────────────────────────────────────────────────────────────┤
│ 2024-04-08 22:59:53,778 │ INFO    │ src.receiving_data:134                         │ Start process get rehash by bins and last digits. Num max process[9]                                  │
├─────────────────────────┼─────────┼────────────────────────────────────────────────┼───────────────────────────────────────────────────────────────────────────────────────────────────────┤
│ 2024-04-08 22:59:53,778 │ INFO    │ src.anti_hash_sberbank_mastercard.anti_hash:49 │ Start processing cards hash[140495200b351b7f18a46e3796f2875ebdf0023568933ef3b99efb285af3f06a]         │
├─────────────────────────┼─────────┼────────────────────────────────────────────────┼───────────────────────────────────────────────────────────────────────────────────────────────────────┤
│ 2024-04-08 22:59:54,429 │ INFO    │ src.anti_hash_sberbank_mastercard.anti_hash:84 │ Processing cards by hash[140495200b351b7f18a46e3796f2875ebdf0023568933ef3b99efb285af3f06a] successful │
├─────────────────────────┼─────────┼────────────────────────────────────────────────┼───────────────────────────────────────────────────────────────────────────────────────────────────────┤
│ 2024-04-08 22:59:54,429 │ INFO    │ src.anti_hash_sberbank_mastercard.anti_hash:49 │ Start processing cards hash[140495200b351b7f18a46e3796f2875ebdf0023568933ef3b99efb285af3f06b]         │
├─────────────────────────┼─────────┼────────────────────────────────────────────────┼───────────────────────────────────────────────────────────────────────────────────────────────────────┤
│ 2024-04-08 22:59:55,070 │ INFO    │ src.anti_hash_sberbank_mastercard.anti_hash:84 │ Processing cards by hash[140495200b351b7f18a46e3796f2875ebdf0023568933ef3b99efb285af3f06b] successful │
├─────────────────────────┼─────────┼────────────────────────────────────────────────┼───────────────────────────────────────────────────────────────────────────────────────────────────────┤
│ 2024-04-08 22:59:55,071 │ INFO    │ src.receiving_data:166                         │ Process get rehash by bins and last digits. Num max process[9], successfull                           │
├─────────────────────────┼─────────┼────────────────────────────────────────────────┼───────────────────────────────────────────────────────────────────────────────────────────────────────┤
│ 2024-04-08 22:59:55,071 │ INFO    │ src.receiving_data:134                         │ Start process get rehash by bins and last digits. Num max process[10]                                 │
├─────────────────────────┼─────────┼────────────────────────────────────────────────┼───────────────────────────────────────────────────────────────────────────────────────────────────────┤
│ 2024-04-08 22:59:55,072 │ INFO    │ src.anti_hash_sberbank_mastercard.anti_hash:49 │ Start processing cards hash[140495200b351b7f18a46e3796f2875ebdf0023568933ef3b99efb285af3f06a]         │
├─────────────────────────┼─────────┼────────────────────────────────────────────────┼───────────────────────────────────────────────────────────────────────────────────────────────────────┤
│ 2024-04-08 22:59:55,658 │ INFO    │ src.anti_hash_sberbank_mastercard.anti_hash:84 │ Processing cards by hash[140495200b351b7f18a46e3796f2875ebdf0023568933ef3b99efb285af3f06a] successful │
├─────────────────────────┼─────────┼────────────────────────────────────────────────┼───────────────────────────────────────────────────────────────────────────────────────────────────────┤
│ 2024-04-08 22:59:55,659 │ INFO    │ src.anti_hash_sberbank_mastercard.anti_hash:49 │ Start processing cards hash[140495200b351b7f18a46e3796f2875ebdf0023568933ef3b99efb285af3f06b]         │
├─────────────────────────┼─────────┼────────────────────────────────────────────────┼───────────────────────────────────────────────────────────────────────────────────────────────────────┤
│ 2024-04-08 22:59:56,313 │ INFO    │ src.anti_hash_sberbank_mastercard.anti_hash:84 │ Processing cards by hash[140495200b351b7f18a46e3796f2875ebdf0023568933ef3b99efb285af3f06b] successful │
├─────────────────────────┼─────────┼────────────────────────────────────────────────┼───────────────────────────────────────────────────────────────────────────────────────────────────────┤
│ 2024-04-08 22:59:56,314 │ INFO    │ src.receiving_data:166                         │ Process get rehash by bins and last digits. Num max process[10], successfull                          │
├─────────────────────────┼─────────┼────────────────────────────────────────────────┼───────────────────────────────────────────────────────────────────────────────────────────────────────┤
│ 2024-04-08 22:59:56,314 │ INFO    │ src.receiving_data:134                         │ Start process get rehash by bins and last digits. Num max process[11]                                 │
├─────────────────────────┼─────────┼────────────────────────────────────────────────┼───────────────────────────────────────────────────────────────────────────────────────────────────────┤
│ 2024-04-08 22:59:56,314 │ INFO    │ src.anti_hash_sberbank_mastercard.anti_hash:49 │ Start processing cards hash[140495200b351b7f18a46e3796f2875ebdf0023568933ef3b99efb285af3f06a]         │
├─────────────────────────┼─────────┼────────────────────────────────────────────────┼───────────────────────────────────────────────────────────────────────────────────────────────────────┤
│ 2024-04-08 22:59:56,974 │ INFO    │ src.anti_hash_sberbank_mastercard.anti_hash:84 │ Processing cards by hash[140495200b351b7f18a46e3796f2875ebdf0023568933ef3b99efb285af3f06a] successful │
├─────────────────────────┼─────────┼────────────────────────────────────────────────┼───────────────────────────────────────────────────────────────────────────────────────────────────────┤
│ 2024-04-08 22:59:56,974 │ INFO    │ src.anti_hash_sberbank_mastercard.anti_hash:49 │ Start processing cards hash[140495200b351b7f18a46e3796f2875ebdf0023568933ef3b99efb285af3f06b]         │
├─────────────────────────┼─────────┼────────────────────────────────────────────────┼───────────────────────────────────────────────────────────────────────────────────────────────────────┤
│ 2024-04-08 22:59:57,586 │ INFO    │ src.anti_hash_sberbank_mastercard.anti_hash:84 │ Processing cards by hash[140495200b351b7f18a46e3796f2875ebdf0023568933ef3b99efb285af3f06b] successful │
├─────────────────────────┼─────────┼────────────────────────────────────────────────┼───────────────────────────────────────────────────────────────────────────────────────────────────────┤
│ 2024-04-08 22:59:57,587 │ INFO    │ src.receiving_data:166                         │ Process get rehash by bins and last digits. Num max process[11], successfull                          │
├─────────────────────────┼─────────┼────────────────────────────────────────────────┼───────────────────────────────────────────────────────────────────────────────────────────────────────┤
│ 2024-04-08 22:59:57,587 │ INFO    │ src.receiving_data:134                         │ Start process get rehash by bins and last digits. Num max process[12]                                 │
├─────────────────────────┼─────────┼────────────────────────────────────────────────┼───────────────────────────────────────────────────────────────────────────────────────────────────────┤
│ 2024-04-08 22:59:57,587 │ INFO    │ src.anti_hash_sberbank_mastercard.anti_hash:49 │ Start processing cards hash[140495200b351b7f18a46e3796f2875ebdf0023568933ef3b99efb285af3f06a]         │
├─────────────────────────┼─────────┼────────────────────────────────────────────────┼───────────────────────────────────────────────────────────────────────────────────────────────────────┤
│ 2024-04-08 22:59:58,218 │ INFO    │ src.anti_hash_sberbank_mastercard.anti_hash:84 │ Processing cards by hash[140495200b351b7f18a46e3796f2875ebdf0023568933ef3b99efb285af3f06a] successful │
├─────────────────────────┼─────────┼────────────────────────────────────────────────┼───────────────────────────────────────────────────────────────────────────────────────────────────────┤
│ 2024-04-08 22:59:58,219 │ INFO    │ src.anti_hash_sberbank_mastercard.anti_hash:49 │ Start processing cards hash[140495200b351b7f18a46e3796f2875ebdf0023568933ef3b99efb285af3f06b]         │
├─────────────────────────┼─────────┼────────────────────────────────────────────────┼───────────────────────────────────────────────────────────────────────────────────────────────────────┤
│ 2024-04-08 22:59:58,849 │ INFO    │ src.anti_hash_sberbank_mastercard.anti_hash:84 │ Processing cards by hash[140495200b351b7f18a46e3796f2875ebdf0023568933ef3b99efb285af3f06b] successful │
├─────────────────────────┼─────────┼────────────────────────────────────────────────┼───────────────────────────────────────────────────────────────────────────────────────────────────────┤
│ 2024-04-08 22:59:58,850 │ INFO    │ src.receiving_data:166                         │ Process get rehash by bins and last digits. Num max process[12], successfull                          │
├─────────────────────────┼─────────┼────────────────────────────────────────────────┼───────────────────────────────────────────────────────────────────────────────────────────────────────┤
│ 2024-04-08 22:59:58,850 │ INFO    │ src.receiving_data:134                         │ Start process get rehash by bins and last digits. Num max process[13]                                 │
├─────────────────────────┼─────────┼────────────────────────────────────────────────┼───────────────────────────────────────────────────────────────────────────────────────────────────────┤
│ 2024-04-08 22:59:58,850 │ INFO    │ src.anti_hash_sberbank_mastercard.anti_hash:49 │ Start processing cards hash[140495200b351b7f18a46e3796f2875ebdf0023568933ef3b99efb285af3f06a]         │
├─────────────────────────┼─────────┼────────────────────────────────────────────────┼───────────────────────────────────────────────────────────────────────────────────────────────────────┤
│ 2024-04-08 22:59:59,501 │ INFO    │ src.anti_hash_sberbank_mastercard.anti_hash:84 │ Processing cards by hash[140495200b351b7f18a46e3796f2875ebdf0023568933ef3b99efb285af3f06a] successful │
├─────────────────────────┼─────────┼────────────────────────────────────────────────┼───────────────────────────────────────────────────────────────────────────────────────────────────────┤
│ 2024-04-08 22:59:59,502 │ INFO    │ src.anti_hash_sberbank_mastercard.anti_hash:49 │ Start processing cards hash[140495200b351b7f18a46e3796f2875ebdf0023568933ef3b99efb285af3f06b]         │
├─────────────────────────┼─────────┼────────────────────────────────────────────────┼───────────────────────────────────────────────────────────────────────────────────────────────────────┤
│ 2024-04-08 23:00:00,159 │ INFO    │ src.anti_hash_sberbank_mastercard.anti_hash:84 │ Processing cards by hash[140495200b351b7f18a46e3796f2875ebdf0023568933ef3b99efb285af3f06b] successful │
├─────────────────────────┼─────────┼────────────────────────────────────────────────┼───────────────────────────────────────────────────────────────────────────────────────────────────────┤
│ 2024-04-08 23:00:00,159 │ INFO    │ src.receiving_data:166                         │ Process get rehash by bins and last digits. Num max process[13], successfull                          │
├─────────────────────────┼─────────┼────────────────────────────────────────────────┼───────────────────────────────────────────────────────────────────────────────────────────────────────┤
│ 2024-04-08 23:00:00,159 │ INFO    │ src.receiving_data:134                         │ Start process get rehash by bins and last digits. Num max process[14]                                 │
├─────────────────────────┼─────────┼────────────────────────────────────────────────┼───────────────────────────────────────────────────────────────────────────────────────────────────────┤
│ 2024-04-08 23:00:00,160 │ INFO    │ src.anti_hash_sberbank_mastercard.anti_hash:49 │ Start processing cards hash[140495200b351b7f18a46e3796f2875ebdf0023568933ef3b99efb285af3f06a]         │
├─────────────────────────┼─────────┼────────────────────────────────────────────────┼───────────────────────────────────────────────────────────────────────────────────────────────────────┤
│ 2024-04-08 23:00:00,779 │ INFO    │ src.anti_hash_sberbank_mastercard.anti_hash:84 │ Processing cards by hash[140495200b351b7f18a46e3796f2875ebdf0023568933ef3b99efb285af3f06a] successful │
├─────────────────────────┼─────────┼────────────────────────────────────────────────┼───────────────────────────────────────────────────────────────────────────────────────────────────────┤
│ 2024-04-08 23:00:00,780 │ INFO    │ src.anti_hash_sberbank_mastercard.anti_hash:49 │ Start processing cards hash[140495200b351b7f18a46e3796f2875ebdf0023568933ef3b99efb285af3f06b]         │
├─────────────────────────┼─────────┼────────────────────────────────────────────────┼───────────────────────────────────────────────────────────────────────────────────────────────────────┤
│ 2024-04-08 23:00:01,372 │ INFO    │ src.anti_hash_sberbank_mastercard.anti_hash:84 │ Processing cards by hash[140495200b351b7f18a46e3796f2875ebdf0023568933ef3b99efb285af3f06b] successful │
├─────────────────────────┼─────────┼────────────────────────────────────────────────┼───────────────────────────────────────────────────────────────────────────────────────────────────────┤
│ 2024-04-08 23:00:01,373 │ INFO    │ src.receiving_data:166                         │ Process get rehash by bins and last digits. Num max process[14], successfull                          │
├─────────────────────────┼─────────┼────────────────────────────────────────────────┼───────────────────────────────────────────────────────────────────────────────────────────────────────┤
│ 2024-04-08 23:00:01,373 │ INFO    │ src.receiving_data:134                         │ Start process get rehash by bins and last digits. Num max process[15]                                 │
├─────────────────────────┼─────────┼────────────────────────────────────────────────┼───────────────────────────────────────────────────────────────────────────────────────────────────────┤
│ 2024-04-08 23:00:01,373 │ INFO    │ src.anti_hash_sberbank_mastercard.anti_hash:49 │ Start processing cards hash[140495200b351b7f18a46e3796f2875ebdf0023568933ef3b99efb285af3f06a]         │
├─────────────────────────┼─────────┼────────────────────────────────────────────────┼───────────────────────────────────────────────────────────────────────────────────────────────────────┤
│ 2024-04-08 23:00:02,057 │ INFO    │ src.anti_hash_sberbank_mastercard.anti_hash:84 │ Processing cards by hash[140495200b351b7f18a46e3796f2875ebdf0023568933ef3b99efb285af3f06a] successful │
├─────────────────────────┼─────────┼────────────────────────────────────────────────┼───────────────────────────────────────────────────────────────────────────────────────────────────────┤
│ 2024-04-08 23:00:02,058 │ INFO    │ src.anti_hash_sberbank_mastercard.anti_hash:49 │ Start processing cards hash[140495200b351b7f18a46e3796f2875ebdf0023568933ef3b99efb285af3f06b]         │
├─────────────────────────┼─────────┼────────────────────────────────────────────────┼───────────────────────────────────────────────────────────────────────────────────────────────────────┤
│ 2024-04-08 23:00:02,691 │ INFO    │ src.anti_hash_sberbank_mastercard.anti_hash:84 │ Processing cards by hash[140495200b351b7f18a46e3796f2875ebdf0023568933ef3b99efb285af3f06b] successful │
├─────────────────────────┼─────────┼────────────────────────────────────────────────┼───────────────────────────────────────────────────────────────────────────────────────────────────────┤
│ 2024-04-08 23:00:02,691 │ INFO    │ src.receiving_data:166                         │ Process get rehash by bins and last digits. Num max process[15], successfull                          │
├─────────────────────────┼─────────┼────────────────────────────────────────────────┼───────────────────────────────────────────────────────────────────────────────────────────────────────┤
│ 2024-04-08 23:00:02,691 │ INFO    │ src.receiving_data:134                         │ Start process get rehash by bins and last digits. Num max process[16]                                 │
├─────────────────────────┼─────────┼────────────────────────────────────────────────┼───────────────────────────────────────────────────────────────────────────────────────────────────────┤
│ 2024-04-08 23:00:02,692 │ INFO    │ src.anti_hash_sberbank_mastercard.anti_hash:49 │ Start processing cards hash[140495200b351b7f18a46e3796f2875ebdf0023568933ef3b99efb285af3f06a]         │
├─────────────────────────┼─────────┼────────────────────────────────────────────────┼───────────────────────────────────────────────────────────────────────────────────────────────────────┤
│ 2024-04-08 23:00:03,326 │ INFO    │ src.anti_hash_sberbank_mastercard.anti_hash:84 │ Processing cards by hash[140495200b351b7f18a46e3796f2875ebdf0023568933ef3b99efb285af3f06a] successful │
├─────────────────────────┼─────────┼────────────────────────────────────────────────┼───────────────────────────────────────────────────────────────────────────────────────────────────────┤
│ 2024-04-08 23:00:03,327 │ INFO    │ src.anti_hash_sberbank_mastercard.anti_hash:49 │ Start processing cards hash[140495200b351b7f18a46e3796f2875ebdf0023568933ef3b99efb285af3f06b]         │
├─────────────────────────┼─────────┼────────────────────────────────────────────────┼───────────────────────────────────────────────────────────────────────────────────────────────────────┤
│ 2024-04-08 23:00:03,978 │ INFO    │ src.anti_hash_sberbank_mastercard.anti_hash:84 │ Processing cards by hash[140495200b351b7f18a46e3796f2875ebdf0023568933ef3b99efb285af3f06b] successful │
├─────────────────────────┼─────────┼────────────────────────────────────────────────┼───────────────────────────────────────────────────────────────────────────────────────────────────────┤
│ 2024-04-08 23:00:03,978 │ INFO    │ src.receiving_data:166                         │ Process get rehash by bins and last digits. Num max process[16], successfull                          │
├─────────────────────────┼─────────┼────────────────────────────────────────────────┼───────────────────────────────────────────────────────────────────────────────────────────────────────┤
│ 2024-04-08 23:00:03,979 │ INFO    │ src.receiving_data:134                         │ Start process get rehash by bins and last digits. Num max process[17]                                 │
├─────────────────────────┼─────────┼────────────────────────────────────────────────┼───────────────────────────────────────────────────────────────────────────────────────────────────────┤
│ 2024-04-08 23:00:03,979 │ INFO    │ src.anti_hash_sberbank_mastercard.anti_hash:49 │ Start processing cards hash[140495200b351b7f18a46e3796f2875ebdf0023568933ef3b99efb285af3f06a]         │
├─────────────────────────┼─────────┼────────────────────────────────────────────────┼───────────────────────────────────────────────────────────────────────────────────────────────────────┤
│ 2024-04-08 23:00:04,645 │ INFO    │ src.anti_hash_sberbank_mastercard.anti_hash:84 │ Processing cards by hash[140495200b351b7f18a46e3796f2875ebdf0023568933ef3b99efb285af3f06a] successful │
├─────────────────────────┼─────────┼────────────────────────────────────────────────┼───────────────────────────────────────────────────────────────────────────────────────────────────────┤
│ 2024-04-08 23:00:04,646 │ INFO    │ src.anti_hash_sberbank_mastercard.anti_hash:49 │ Start processing cards hash[140495200b351b7f18a46e3796f2875ebdf0023568933ef3b99efb285af3f06b]         │
├─────────────────────────┼─────────┼────────────────────────────────────────────────┼───────────────────────────────────────────────────────────────────────────────────────────────────────┤
│ 2024-04-08 23:00:05,320 │ INFO    │ src.anti_hash_sberbank_mastercard.anti_hash:84 │ Processing cards by hash[140495200b351b7f18a46e3796f2875ebdf0023568933ef3b99efb285af3f06b] successful │
├─────────────────────────┼─────────┼────────────────────────────────────────────────┼───────────────────────────────────────────────────────────────────────────────────────────────────────┤
│ 2024-04-08 23:00:05,320 │ INFO    │ src.receiving_data:166                         │ Process get rehash by bins and last digits. Num max process[17], successfull                          │
├─────────────────────────┼─────────┼────────────────────────────────────────────────┼───────────────────────────────────────────────────────────────────────────────────────────────────────┤
│ 2024-04-08 23:00:05,320 │ INFO    │ src.receiving_data:134                         │ Start process get rehash by bins and last digits. Num max process[18]                                 │
├─────────────────────────┼─────────┼────────────────────────────────────────────────┼───────────────────────────────────────────────────────────────────────────────────────────────────────┤
│ 2024-04-08 23:00:05,321 │ INFO    │ src.anti_hash_sberbank_mastercard.anti_hash:49 │ Start processing cards hash[140495200b351b7f18a46e3796f2875ebdf0023568933ef3b99efb285af3f06a]         │
├─────────────────────────┼─────────┼────────────────────────────────────────────────┼───────────────────────────────────────────────────────────────────────────────────────────────────────┤
│ 2024-04-08 23:00:05,983 │ INFO    │ src.anti_hash_sberbank_mastercard.anti_hash:84 │ Processing cards by hash[140495200b351b7f18a46e3796f2875ebdf0023568933ef3b99efb285af3f06a] successful │
├─────────────────────────┼─────────┼────────────────────────────────────────────────┼───────────────────────────────────────────────────────────────────────────────────────────────────────┤
│ 2024-04-08 23:00:05,984 │ INFO    │ src.anti_hash_sberbank_mastercard.anti_hash:49 │ Start processing cards hash[140495200b351b7f18a46e3796f2875ebdf0023568933ef3b99efb285af3f06b]         │
├─────────────────────────┼─────────┼────────────────────────────────────────────────┼───────────────────────────────────────────────────────────────────────────────────────────────────────┤
│ 2024-04-08 23:00:06,613 │ INFO    │ src.anti_hash_sberbank_mastercard.anti_hash:84 │ Processing cards by hash[140495200b351b7f18a46e3796f2875ebdf0023568933ef3b99efb285af3f06b] successful │
├─────────────────────────┼─────────┼────────────────────────────────────────────────┼───────────────────────────────────────────────────────────────────────────────────────────────────────┤
│ 2024-04-08 23:00:06,614 │ INFO    │ src.receiving_data:166                         │ Process get rehash by bins and last digits. Num max process[18], successfull                          │
├─────────────────────────┼─────────┼────────────────────────────────────────────────┼───────────────────────────────────────────────────────────────────────────────────────────────────────┤
│ 2024-04-08 23:00:06,614 │ INFO    │ src.receiving_data:134                         │ Start process get rehash by bins and last digits. Num max process[19]                                 │
├─────────────────────────┼─────────┼────────────────────────────────────────────────┼───────────────────────────────────────────────────────────────────────────────────────────────────────┤
│ 2024-04-08 23:00:06,615 │ INFO    │ src.anti_hash_sberbank_mastercard.anti_hash:49 │ Start processing cards hash[140495200b351b7f18a46e3796f2875ebdf0023568933ef3b99efb285af3f06a]         │
├─────────────────────────┼─────────┼────────────────────────────────────────────────┼───────────────────────────────────────────────────────────────────────────────────────────────────────┤
│ 2024-04-08 23:00:07,258 │ INFO    │ src.anti_hash_sberbank_mastercard.anti_hash:84 │ Processing cards by hash[140495200b351b7f18a46e3796f2875ebdf0023568933ef3b99efb285af3f06a] successful │
├─────────────────────────┼─────────┼────────────────────────────────────────────────┼───────────────────────────────────────────────────────────────────────────────────────────────────────┤
│ 2024-04-08 23:00:07,259 │ INFO    │ src.anti_hash_sberbank_mastercard.anti_hash:49 │ Start processing cards hash[140495200b351b7f18a46e3796f2875ebdf0023568933ef3b99efb285af3f06b]         │
├─────────────────────────┼─────────┼────────────────────────────────────────────────┼───────────────────────────────────────────────────────────────────────────────────────────────────────┤
│ 2024-04-08 23:00:07,923 │ INFO    │ src.anti_hash_sberbank_mastercard.anti_hash:84 │ Processing cards by hash[140495200b351b7f18a46e3796f2875ebdf0023568933ef3b99efb285af3f06b] successful │
├─────────────────────────┼─────────┼────────────────────────────────────────────────┼───────────────────────────────────────────────────────────────────────────────────────────────────────┤
│ 2024-04-08 23:00:07,924 │ INFO    │ src.receiving_data:166                         │ Process get rehash by bins and last digits. Num max process[19], successfull                          │
├─────────────────────────┼─────────┼────────────────────────────────────────────────┼───────────────────────────────────────────────────────────────────────────────────────────────────────┤
│ 2024-04-08 23:00:07,924 │ INFO    │ src.receiving_data:134                         │ Start process get rehash by bins and last digits. Num max process[20]                                 │
├─────────────────────────┼─────────┼────────────────────────────────────────────────┼───────────────────────────────────────────────────────────────────────────────────────────────────────┤
│ 2024-04-08 23:00:07,924 │ INFO    │ src.anti_hash_sberbank_mastercard.anti_hash:49 │ Start processing cards hash[140495200b351b7f18a46e3796f2875ebdf0023568933ef3b99efb285af3f06a]         │
├─────────────────────────┼─────────┼────────────────────────────────────────────────┼───────────────────────────────────────────────────────────────────────────────────────────────────────┤
│ 2024-04-08 23:00:08,573 │ INFO    │ src.anti_hash_sberbank_mastercard.anti_hash:84 │ Processing cards by hash[140495200b351b7f18a46e3796f2875ebdf0023568933ef3b99efb285af3f06a] successful │
├─────────────────────────┼─────────┼────────────────────────────────────────────────┼───────────────────────────────────────────────────────────────────────────────────────────────────────┤
│ 2024-04-08 23:00:08,574 │ INFO    │ src.anti_hash_sberbank_mastercard.anti_hash:49 │ Start processing cards hash[140495200b351b7f18a46e3796f2875ebdf0023568933ef3b99efb285af3f06b]         │
├─────────────────────────┼─────────┼────────────────────────────────────────────────┼───────────────────────────────────────────────────────────────────────────────────────────────────────┤
│ 2024-04-08 23:00:09,226 │ INFO    │ src.anti_hash_sberbank_mastercard.anti_hash:84 │ Processing cards by hash[140495200b351b7f18a46e3796f2875ebdf0023568933ef3b99efb285af3f06b] successful │
├─────────────────────────┼─────────┼────────────────────────────────────────────────┼───────────────────────────────────────────────────────────────────────────────────────────────────────┤
│ 2024-04-08 23:00:09,227 │ INFO    │ src.receiving_data:166                         │ Process get rehash by bins and last digits. Num max process[20], successfull                          │
├─────────────────────────┼─────────┼────────────────────────────────────────────────┼───────────────────────────────────────────────────────────────────────────────────────────────────────┤
│ 2024-04-08 23:00:09,227 │ INFO    │ src.receiving_data:134                         │ Start process get rehash by bins and last digits. Num max process[21]                                 │
├─────────────────────────┼─────────┼────────────────────────────────────────────────┼───────────────────────────────────────────────────────────────────────────────────────────────────────┤
│ 2024-04-08 23:00:09,227 │ INFO    │ src.anti_hash_sberbank_mastercard.anti_hash:49 │ Start processing cards hash[140495200b351b7f18a46e3796f2875ebdf0023568933ef3b99efb285af3f06a]         │
├─────────────────────────┼─────────┼────────────────────────────────────────────────┼───────────────────────────────────────────────────────────────────────────────────────────────────────┤
│ 2024-04-08 23:00:09,881 │ INFO    │ src.anti_hash_sberbank_mastercard.anti_hash:84 │ Processing cards by hash[140495200b351b7f18a46e3796f2875ebdf0023568933ef3b99efb285af3f06a] successful │
├─────────────────────────┼─────────┼────────────────────────────────────────────────┼───────────────────────────────────────────────────────────────────────────────────────────────────────┤
│ 2024-04-08 23:00:09,882 │ INFO    │ src.anti_hash_sberbank_mastercard.anti_hash:49 │ Start processing cards hash[140495200b351b7f18a46e3796f2875ebdf0023568933ef3b99efb285af3f06b]         │
├─────────────────────────┼─────────┼────────────────────────────────────────────────┼───────────────────────────────────────────────────────────────────────────────────────────────────────┤
│ 2024-04-08 23:00:10,528 │ INFO    │ src.anti_hash_sberbank_mastercard.anti_hash:84 │ Processing cards by hash[140495200b351b7f18a46e3796f2875ebdf0023568933ef3b99efb285af3f06b] successful │
├─────────────────────────┼─────────┼────────────────────────────────────────────────┼───────────────────────────────────────────────────────────────────────────────────────────────────────┤
│ 2024-04-08 23:00:10,529 │ INFO    │ src.receiving_data:166                         │ Process get rehash by bins and last digits. Num max process[21], successfull                          │
├─────────────────────────┼─────────┼────────────────────────────────────────────────┼───────────────────────────────────────────────────────────────────────────────────────────────────────┤
│ 2024-04-08 23:00:10,530 │ INFO    │ src.receiving_data:134                         │ Start process get rehash by bins and last digits. Num max process[22]                                 │
├─────────────────────────┼─────────┼────────────────────────────────────────────────┼───────────────────────────────────────────────────────────────────────────────────────────────────────┤
│ 2024-04-08 23:00:10,530 │ INFO    │ src.anti_hash_sberbank_mastercard.anti_hash:49 │ Start processing cards hash[140495200b351b7f18a46e3796f2875ebdf0023568933ef3b99efb285af3f06a]         │
├─────────────────────────┼─────────┼────────────────────────────────────────────────┼───────────────────────────────────────────────────────────────────────────────────────────────────────┤
│ 2024-04-08 23:00:11,191 │ INFO    │ src.anti_hash_sberbank_mastercard.anti_hash:84 │ Processing cards by hash[140495200b351b7f18a46e3796f2875ebdf0023568933ef3b99efb285af3f06a] successful │
├─────────────────────────┼─────────┼────────────────────────────────────────────────┼───────────────────────────────────────────────────────────────────────────────────────────────────────┤
│ 2024-04-08 23:00:11,192 │ INFO    │ src.anti_hash_sberbank_mastercard.anti_hash:49 │ Start processing cards hash[140495200b351b7f18a46e3796f2875ebdf0023568933ef3b99efb285af3f06b]         │
├─────────────────────────┼─────────┼────────────────────────────────────────────────┼───────────────────────────────────────────────────────────────────────────────────────────────────────┤
│ 2024-04-08 23:00:11,846 │ INFO    │ src.anti_hash_sberbank_mastercard.anti_hash:84 │ Processing cards by hash[140495200b351b7f18a46e3796f2875ebdf0023568933ef3b99efb285af3f06b] successful │
├─────────────────────────┼─────────┼────────────────────────────────────────────────┼───────────────────────────────────────────────────────────────────────────────────────────────────────┤
│ 2024-04-08 23:00:11,847 │ INFO    │ src.receiving_data:166                         │ Process get rehash by bins and last digits. Num max process[22], successfull                          │
├─────────────────────────┼─────────┼────────────────────────────────────────────────┼───────────────────────────────────────────────────────────────────────────────────────────────────────┤
│ 2024-04-08 23:00:11,847 │ INFO    │ src.receiving_data:134                         │ Start process get rehash by bins and last digits. Num max process[23]                                 │
├─────────────────────────┼─────────┼────────────────────────────────────────────────┼───────────────────────────────────────────────────────────────────────────────────────────────────────┤
│ 2024-04-08 23:00:11,847 │ INFO    │ src.anti_hash_sberbank_mastercard.anti_hash:49 │ Start processing cards hash[140495200b351b7f18a46e3796f2875ebdf0023568933ef3b99efb285af3f06a]         │
├─────────────────────────┼─────────┼────────────────────────────────────────────────┼───────────────────────────────────────────────────────────────────────────────────────────────────────┤
│ 2024-04-08 23:00:12,562 │ INFO    │ src.anti_hash_sberbank_mastercard.anti_hash:84 │ Processing cards by hash[140495200b351b7f18a46e3796f2875ebdf0023568933ef3b99efb285af3f06a] successful │
├─────────────────────────┼─────────┼────────────────────────────────────────────────┼───────────────────────────────────────────────────────────────────────────────────────────────────────┤
│ 2024-04-08 23:00:12,563 │ INFO    │ src.anti_hash_sberbank_mastercard.anti_hash:49 │ Start processing cards hash[140495200b351b7f18a46e3796f2875ebdf0023568933ef3b99efb285af3f06b]         │
├─────────────────────────┼─────────┼────────────────────────────────────────────────┼───────────────────────────────────────────────────────────────────────────────────────────────────────┤
│ 2024-04-08 23:00:13,200 │ INFO    │ src.anti_hash_sberbank_mastercard.anti_hash:84 │ Processing cards by hash[140495200b351b7f18a46e3796f2875ebdf0023568933ef3b99efb285af3f06b] successful │
├─────────────────────────┼─────────┼────────────────────────────────────────────────┼───────────────────────────────────────────────────────────────────────────────────────────────────────┤
│ 2024-04-08 23:00:13,200 │ INFO    │ src.receiving_data:166                         │ Process get rehash by bins and last digits. Num max process[23], successfull                          │
├─────────────────────────┼─────────┼────────────────────────────────────────────────┼───────────────────────────────────────────────────────────────────────────────────────────────────────┤
│ 2024-04-08 23:00:13,200 │ INFO    │ src.receiving_data:134                         │ Start process get rehash by bins and last digits. Num max process[24]                                 │
├─────────────────────────┼─────────┼────────────────────────────────────────────────┼───────────────────────────────────────────────────────────────────────────────────────────────────────┤
│ 2024-04-08 23:00:13,201 │ INFO    │ src.anti_hash_sberbank_mastercard.anti_hash:49 │ Start processing cards hash[140495200b351b7f18a46e3796f2875ebdf0023568933ef3b99efb285af3f06a]         │
├─────────────────────────┼─────────┼────────────────────────────────────────────────┼───────────────────────────────────────────────────────────────────────────────────────────────────────┤
│ 2024-04-08 23:00:13,853 │ INFO    │ src.anti_hash_sberbank_mastercard.anti_hash:84 │ Processing cards by hash[140495200b351b7f18a46e3796f2875ebdf0023568933ef3b99efb285af3f06a] successful │
├─────────────────────────┼─────────┼────────────────────────────────────────────────┼───────────────────────────────────────────────────────────────────────────────────────────────────────┤
│ 2024-04-08 23:00:13,854 │ INFO    │ src.anti_hash_sberbank_mastercard.anti_hash:49 │ Start processing cards hash[140495200b351b7f18a46e3796f2875ebdf0023568933ef3b99efb285af3f06b]         │
├─────────────────────────┼─────────┼────────────────────────────────────────────────┼───────────────────────────────────────────────────────────────────────────────────────────────────────┤
│ 2024-04-08 23:00:14,540 │ INFO    │ src.anti_hash_sberbank_mastercard.anti_hash:84 │ Processing cards by hash[140495200b351b7f18a46e3796f2875ebdf0023568933ef3b99efb285af3f06b] successful │
├─────────────────────────┼─────────┼────────────────────────────────────────────────┼───────────────────────────────────────────────────────────────────────────────────────────────────────┤
│ 2024-04-08 23:00:14,540 │ INFO    │ src.receiving_data:166                         │ Process get rehash by bins and last digits. Num max process[24], successfull                          │
├─────────────────────────┼─────────┼────────────────────────────────────────────────┼───────────────────────────────────────────────────────────────────────────────────────────────────────┤
│ 2024-04-08 23:00:14,541 │ INFO    │ src.draw:52                                    │ Process get times successfull.                                                                        │
├─────────────────────────┼─────────┼────────────────────────────────────────────────┼───────────────────────────────────────────────────────────────────────────────────────────────────────┤
│ 2024-04-08 23:00:14,853 │ INFO    │ src.draw:87                                    │ Generate and write[./Solutions/draw/output.png] draws successfull.                                    │
╘═════════════════════════╧═════════╧════════════════════════════════════════════════╧═══════════════════════════════════════════════════════════════════════════════════════════════════════╛